total 22255868
-rw-r--r-- 1 qingpeng 1014      13021 Dec 14  2009 12140256.history
-rw-r--r-- 1 qingpeng 1014       1761 Dec  8  2009 1.result
-rw-r--r-- 1 qingpeng 1014       1211 Dec  8  2009 2.result
-rw-r--r-- 1 qingpeng 1014       1364 Dec  8  2009 3.result
-rw-r--r-- 1 qingpeng 1014       5098 Dec  8  2009 4.result
-rw-r--r-- 1 qingpeng 1014       2560 Dec  8  2009 5.result
-rw-r--r-- 1 qingpeng 1014       1877 Dec  8  2009 6.result
-rw-r--r-- 1 qingpeng 1014      13871 Dec  8  2009 all.result
-rw-r--r-- 1 qingpeng 1014        957 Dec  7  2009 a.log
-rw-r--r-- 1 qingpeng 1014       5595 Dec  8  2009 ana_3.py
-rw-r--r-- 1 qingpeng 1014      19255 Dec  8  2009 analysis3.result
-rw-r--r-- 1 qingpeng 1014      31914 Dec  8  2009 analysis4.result
-rw-r--r-- 1 qingpeng 1014      27657 Dec  8  2009 analysis5.result
-rw-r--r-- 1 qingpeng 1014      72961 Dec  8  2009 analysis.result
-rw-r--r-- 1 qingpeng 1014   72181059 Dec 14  2009 blast10.m8
-rw-r--r-- 1 qingpeng 1014 1040809984 Dec  7  2009 blast1.m8
-rw-r--r-- 1 qingpeng 1014  134373421 Dec 14  2009 blast20.m8
-rw-r--r-- 1 qingpeng 1014  733982720 Dec  7  2009 blast2.m8
-rw-r--r-- 1 qingpeng 1014  187468798 Dec 14  2009 blast30.m8
-rw-r--r-- 1 qingpeng 1014  283267072 Dec  7  2009 blast3.m8
-rw-r--r-- 1 qingpeng 1014  231393644 Dec 14  2009 blast40.m8
-rw-r--r-- 1 qingpeng 1014  986550272 Dec  7  2009 blast4.m8
-rw-r--r-- 1 qingpeng 1014  265422782 Dec 14  2009 blast50.m8
-rw-r--r-- 1 qingpeng 1014  740634624 Dec  7  2009 blast5.m8
-rw-r--r-- 1 qingpeng 1014  998973440 Dec  7  2009 blast6.m8
-rw-r--r-- 1 qingpeng 1014 4784218112 Dec  7  2009 blast.out.m8
-rw-r--r-- 1 qingpeng 1014        460 Dec 14  2009 blast_seed.sh
-rw-r--r-- 1 qingpeng 1014        516 Dec  6  2009 blast.sh
drwxr-xr-x 2 qingpeng 1014       4096 Dec  8  2009 E10
-rw-r--r-- 1 qingpeng 1014   12649857 Dec 14  2009 formatdb.log
-rw-r--r-- 1 qingpeng 1014       2957 Dec 14  2009 get_test_seed.seq.py
drwxr-xr-x 2 qingpeng 1014       4096 Dec  7  2009 HMM
drwxr-xr-x 5 qingpeng 1014       4096 Dec 15  2009 HMM_Seed
-rw-r--r-- 1 qingpeng 1014          0 Sep 16 13:17 ls.log
-rw-r--r-- 1 qingpeng 1014          0 Dec 14  2009 Mon
-rw------- 1 qingpeng 1014      91692 Dec 14  2009 nohup.out
drwxr-xr-x 2 qingpeng 1014       4096 Dec  8  2009 Old
-rw-r--r-- 1 qingpeng 1014       1321 Dec  8  2009 Pfam
-rw-r--r-- 1 qingpeng 1014 9467937525 Dec  1  2009 Pfam-A.full
-rw-r--r-- 1 qingpeng 1014  184425538 Dec  1  2009 Pfam-A.seed
-rw-r--r-- 1 qingpeng 1014   94228318 Dec  6  2009 Pfam.seed.fa
-rw-r--r-- 1 qingpeng 1014   47500664 Dec  6  2009 Pfam.seed.fa.phr
-rw-r--r-- 1 qingpeng 1014    4002960 Dec  6  2009 Pfam.seed.fa.pin
-rw-r--r-- 1 qingpeng 1014   78217502 Dec  6  2009 Pfam.seed.fa.psq
drwxr-xr-x 2 qingpeng 1014       4096 Dec 14  2009 Pfam_Seq
-rw-r--r-- 1 qingpeng 1014 1915803943 Dec  6  2009 Pfam.test.fa
-rw-r--r-- 1 qingpeng 1014       4272 Dec  8  2009 relation5.txt
-rw-r--r-- 1 qingpeng 1014       1293 Dec  8  2009 relation7.txt
-rw-r--r-- 1 qingpeng 1014       1150 Dec  8  2009 relation.txt
-rw-r--r-- 1 qingpeng 1014       2744 Dec  6  2009 remove_seed.py
-rw-r--r-- 1 qingpeng 1014    4986243 Dec  8  2009 run.log
-rw-r--r-- 1 qingpeng 1014       1365 Dec  8  2009 s3.log
-rw-r--r-- 1 qingpeng 1014    2397131 Dec 14  2009 seed.query10.fa
-rw-r--r-- 1 qingpeng 1014    4799456 Dec 14  2009 seed.query20.fa
-rw-r--r-- 1 qingpeng 1014    7195742 Dec 14  2009 seed.query30.fa
-rw-r--r-- 1 qingpeng 1014    9598962 Dec 14  2009 seed.query40.fa
-rw-r--r-- 1 qingpeng 1014   11999504 Dec 14  2009 seed.query50.fa
-rw-r--r-- 1 qingpeng 1014   12000076 Dec 14  2009 seed.query.fa
-rw-r--r-- 1 qingpeng 1014   36820148 Dec 14  2009 seed.target10.fa
-rw-r--r-- 1 qingpeng 1014    6986125 Dec 14  2009 seed.target10.fa.nhr
-rw-r--r-- 1 qingpeng 1014          0 Dec 14  2009 seed.target10.fa.nin
-rw-r--r-- 1 qingpeng 1014   21417369 Dec 14  2009 seed.target10.fa.nsq
-rw-r--r-- 1 qingpeng 1014   18805175 Dec 14  2009 seed.target10.fa.phr
-rw-r--r-- 1 qingpeng 1014    1910416 Dec 14  2009 seed.target10.fa.pin
-rw-r--r-- 1 qingpeng 1014   33025974 Dec 14  2009 seed.target10.fa.psq
-rw-r--r-- 1 qingpeng 1014   34417823 Dec 14  2009 seed.target20.fa
-rw-r--r-- 1 qingpeng 1014   17647233 Dec 14  2009 seed.target20.fa.phr
-rw-r--r-- 1 qingpeng 1014    1792736 Dec 14  2009 seed.target20.fa.pin
-rw-r--r-- 1 qingpeng 1014   30854861 Dec 14  2009 seed.target20.fa.psq
-rw-r--r-- 1 qingpeng 1014   32021537 Dec 14  2009 seed.target30.fa
-rw-r--r-- 1 qingpeng 1014   16489370 Dec 14  2009 seed.target30.fa.phr
-rw-r--r-- 1 qingpeng 1014    1675056 Dec 14  2009 seed.target30.fa.pin
-rw-r--r-- 1 qingpeng 1014   28689708 Dec 14  2009 seed.target30.fa.psq
-rw-r--r-- 1 qingpeng 1014   29618317 Dec 14  2009 seed.target40.fa
-rw-r--r-- 1 qingpeng 1014   15331241 Dec 14  2009 seed.target40.fa.phr
-rw-r--r-- 1 qingpeng 1014    1557376 Dec 14  2009 seed.target40.fa.pin
-rw-r--r-- 1 qingpeng 1014   26517887 Dec 14  2009 seed.target40.fa.psq
-rw-r--r-- 1 qingpeng 1014   27217775 Dec 14  2009 seed.target50.fa
-rw-r--r-- 1 qingpeng 1014   14173216 Dec 14  2009 seed.target50.fa.phr
-rw-r--r-- 1 qingpeng 1014    1439696 Dec 14  2009 seed.target50.fa.pin
-rw-r--r-- 1 qingpeng 1014   24348640 Dec 14  2009 seed.target50.fa.psq
-rw-r--r-- 1 qingpeng 1014   27217203 Dec 14  2009 seed.target.fa
-rw-r--r-- 1 qingpeng 1014        909 Dec  6  2009 split_fa_bygroup.pl
